BUILD: Computing Include file dependencies:
BUILD: Examining c:\iads_080717 directory for files to compile.
Compiling (NoSync) c:\iads_080717 directory ********************
'nmake.exe /nologo BUILDMSG=Stop. -i NTTEST= UMTEST= NOLINK=1 NOPASS0=1 386=1'
cl -nologo -Ii386\ -I. -IC:\WINDDK\3790~1.183\inc\mfc42 -Iobjchk_wxp_x86\i386 -IC:\WINDDK\3790~1.183\inc\wxp -IC:\WINDDK\3790~1.183\inc\wxp -IC:\WINDDK\3790~1.183\inc\ddk\wxp -IC:\WINDDK\3790~1.183\inc\ddk\wdm\wxp -IC:\WINDDK\3790~1.183\inc\crt -D_X86_=1 -Di386=1  -DSTD_CALL -DCONDITION_HANDLING=1   -DNT_INST=0 -DWIN32=100 -D_NT1X_=100 -DWINNT=1 -D_WIN32_WINNT=0x0501 /DWINVER=0x0501 -D_WIN32_IE=0x0603    -DWIN32_LEAN_AND_MEAN=1 -DDEVL=1 -DDBG=1 -D__BUILDMACHINE__=WinDDK -DFPO=0  -DNDEBUG -D_DLL=1  -DNDIS_MINIPORT_DRIVER -DNDIS_WDM=1 -DNDIS51_MINIPORT=1 -DNDIS51=1     /c /Zl /Zp8 /Gy /Gm- -cbstring /W3 /WX /Gz  /GX-  /GR- /GF /GS /G6 /Ze /Gi- /QIfdiv- /hotpatch -Z7 /Od /Oi  /Oy-   -FIC:\WINDDK\3790~1.183\inc\wxp\warning.h  /Yuprecomp.h /Fpobjchk_wxp_x86\i386\precomp.pch /Ylpassthru /Ycprecomp.h /Fpobjchk_wxp_x86\i386\precomp.pch  /Fo"c:\iads_080717\objchk_wxp_x86\i386\precomp.obj"  /Tc

#include "precomp.h"

pch_hdr.src
    rc -l 409 -DSXS_ASSEMBLY_NAME=""""""  -DSXS_ASSEMBLY_LANGUAGE=""""""  -DSXS_PROCESSOR_ARCHITECTURE="""x86"""  -DSXS_TARGET="""passthru.sys"""   -DSYSTEM_COMPATIBLE_ASSEMBLY_NAME="""Microsoft.Windows.SystemCompatible"""  -DLSYSTEM_COMPATIBLE_ASSEMBLY_NAME=L"""Microsoft.Windows.SystemCompatible"""   -DSXS_ASSEMBLY_VERSION="""""" -z "MS Sans Serif,Helv/MS Shell Dlg"  -r -fo objchk_wxp_x86\i386\passthru.res -D_X86_=1 -Di386=1  -DSTD_CALL -DCONDITION_HANDLING=1   -DNT_INST=0 -DWIN32=100 -D_NT1X_=100 -DWINNT=1 -D_WIN32_WINNT=0x0501 /DWINVER=0x0501 -D_WIN32_IE=0x0603    -DWIN32_LEAN_AND_MEAN=1 -DDEVL=1 -DDBG=1 -D__BUILDMACHINE__=WinDDK -DFPO=0  -DNDEBUG -D_DLL=1  -DNDIS_MINIPORT_DRIVER -DNDIS_WDM=1 -DNDIS51_MINIPORT=1 -DNDIS51=1   -IC:\WINDDK\3790~1.183\inc\mfc42 -Iobjchk_wxp_x86\i386 -IC:\WINDDK\3790~1.183\inc\wxp -IC:\WINDDK\3790~1.183\inc\wxp -IC:\WINDDK\3790~1.183\inc\ddk\wxp -IC:\WINDDK\3790~1.183\inc\ddk\wdm\wxp -IC:\WINDDK\3790~1.183\inc\crt .\passthru.rc
cl -nologo -Ii386\ -I. -IC:\WINDDK\3790~1.183\inc\mfc42 -Iobjchk_wxp_x86\i386 -IC:\WINDDK\3790~1.183\inc\wxp -IC:\WINDDK\3790~1.183\inc\wxp -IC:\WINDDK\3790~1.183\inc\ddk\wxp -IC:\WINDDK\3790~1.183\inc\ddk\wdm\wxp -IC:\WINDDK\3790~1.183\inc\crt -D_X86_=1 -Di386=1  -DSTD_CALL -DCONDITION_HANDLING=1   -DNT_INST=0 -DWIN32=100 -D_NT1X_=100 -DWINNT=1 -D_WIN32_WINNT=0x0501 /DWINVER=0x0501 -D_WIN32_IE=0x0603    -DWIN32_LEAN_AND_MEAN=1 -DDEVL=1 -DDBG=1 -D__BUILDMACHINE__=WinDDK -DFPO=0  -DNDEBUG -D_DLL=1  -DNDIS_MINIPORT_DRIVER -DNDIS_WDM=1 -DNDIS51_MINIPORT=1 -DNDIS51=1     /c /Zl /Zp8 /Gy /Gm- -cbstring /W3 /WX /Gz  /GX-  /GR- /GF /GS /G6 /Ze /Gi- /QIfdiv- /hotpatch -Z7 /Od /Oi  /Oy-   -FIC:\WINDDK\3790~1.183\inc\wxp\warning.h  /Yuprecomp.h /Fpobjchk_wxp_x86\i386\precomp.pch .\hashlink.c .\md5.c .\filter.c .\hostlist.c .\miniport.c .\passthru.c .\protocol.c 
hashlink.c
md5.c
filter.c
hostlist.c
miniport.c
passthru.c
protocol.c
Generating Code...

Stop.
Linking c:\iads_080717 directory ********************
'nmake.exe /nologo BUILDMSG=Stop. -i LINKONLY=1 NOPASS0=1 NTTEST= UMTEST= 386=1'
	link -out:objchk_wxp_x86\i386\passthru.sys -machine:ix86 @C:\DOCUME~1\ADMINI~1\LOCALS~1\Temp\nmDD.tmp
Microsoft (R) Incremental Linker Version 7.10.4035
Copyright (C) Microsoft Corporation.  All rights reserved.

-MERGE:_PAGE=PAGE 
-MERGE:_TEXT=.text 
-SECTION:INIT,d 
-OPT:REF 
-OPT:ICF 
-IGNORE:4198,4010,4037,4039,4065,4070,4078,4087,4089,4221 
-INCREMENTAL:NO 
-FULLBUILD 
/release 
-NODEFAULTLIB 
/WX 
-debug 
-debugtype:cv 
-version:5.1 
-osversion:5.1 
/functionpadmin:5 
/safeseh 
/pdbcompress 
-STACK:0x40000,0x1000 
-driver 
-base:0x10000 
-align:0x80 /stub:C:\WINDDK\3790~1.183\lib\wxp\stub512.com 
-subsystem:native,5.01 
-entry:GsDriverEntry@8 
-out:objchk_wxp_x86\i386\passthru.sys 
objchk_wxp_x86\i386\precomp.obj 
objchk_wxp_x86\i386\passthru.res 
objchk_wxp_x86\i386\hashlink.obj 
objchk_wxp_x86\i386\md5.obj 
objchk_wxp_x86\i386\filter.obj 
objchk_wxp_x86\i386\hostlist.obj 
objchk_wxp_x86\i386\miniport.obj 
objchk_wxp_x86\i386\passthru.obj 
objchk_wxp_x86\i386\protocol.obj 
C:\WINDDK\3790~1.183\lib\wxp\i386\BufferOverflowK.lib 
C:\WINDDK\3790~1.183\lib\wxp\i386\ntoskrnl.lib 
C:\WINDDK\3790~1.183\lib\wxp\i386\hal.lib 
C:\WINDDK\3790~1.183\lib\wxp\i386\wmilib.lib 
C:\WINDDK\3790~1.183\lib\wxp\i386\ndis.lib 
C:\WINDDK\3790~1.183\lib\wxp\i386\sehupd.lib 
	echo Skip Binplace:
Skip Binplace:

Stop.
